<?xml version="1.0" encoding="UTF-8"?>
<testsuite name="runner.ApiRunner" tests="1" skipped="0" failures="0" errors="0" timestamp="2024-04-19T07:59:54" hostname="HERBETSIMANJUNT" time="0.061">
  <properties/>
  <testcase name="Test get list data normal" classname="runner.ApiRunner" time="0.061"/>
  <system-out><![CDATA[
@api
Scenario: Test get list data normal                                          ?[90m# src/test/java/features/api.feature:4?[0m
step 1
  ?[32mGiven ?[0m?[32mprepare url for ?[0m?[32m?[1m"GET_LIST_USERS"?[0m                                     ?[90m# stepDef.ApiStep.prepareUrlFor(java.lang.String)?[0m
step 2
  ?[32mAnd ?[0m?[32mhit get API get list user?[0m                                              ?[90m# stepDef.ApiStep.hitGetAPIGetListUser()?[0m
step 3
  ?[32mThen ?[0m?[32mvalidation status code is equals ?[0m?[32m?[1m200?[0m                                  ?[90m# stepDef.ApiStep.validationStatusCodeIsEquals(int)?[0m
step 4
  ?[32mThen ?[0m?[32mvalidation response body get list users?[0m                               ?[90m# stepDef.ApiStep.validationResponseBodyGetListUsers()?[0m
step 5
  ?[32mThen ?[0m?[32mvalidation response json with JSONSchema ?[0m?[32m?[1m"get_list_users_normal.json"?[0m ?[90m# stepDef.ApiStep.validationResponseJsonWithJSONSchema(java.lang.String)?[0m
]]></system-out>
  <system-err><![CDATA[]]></system-err>
</testsuite>
